<?xml version="1.0" encoding="UTF-8"?>
<testng-results ignored="0" total="2" passed="2" failed="0" skipped="0">
  <reporter-output>
  </reporter-output>
  <suite started-at="2024-02-05T11:02:39 IST" name="Default suite" finished-at="2024-02-05T11:02:41 IST" duration-ms="1668">
    <groups>
    </groups>
    <test started-at="2024-02-05T11:02:39 IST" name="Default test" finished-at="2024-02-05T11:02:41 IST" duration-ms="1668">
      <class name="Day2.WaysToCreatePostReqstBody">
        <test-method signature="testPostUsingJsonLibrary()[pri:1, instance:Day2.WaysToCreatePostReqstBody@51e69659]" started-at="2024-02-05T11:02:39 IST" name="testPostUsingJsonLibrary" finished-at="2024-02-05T11:02:40 IST" duration-ms="1609" status="PASS">
          <reporter-output>
          </reporter-output>
        </test-method> <!-- testPostUsingJsonLibrary -->
        <test-method signature="testDelete()[pri:2, instance:Day2.WaysToCreatePostReqstBody@51e69659]" started-at="2024-02-05T11:02:41 IST" name="testDelete" finished-at="2024-02-05T11:02:41 IST" duration-ms="28" status="PASS">
          <reporter-output>
          </reporter-output>
        </test-method> <!-- testDelete -->
      </class> <!-- Day2.WaysToCreatePostReqstBody -->
    </test> <!-- Default test -->
  </suite> <!-- Default suite -->
</testng-results>
